<?xml version="1.0" encoding="UTF-8"?>
<!-- Generated by org.testng.reporters.JUnitXMLReporter -->
<testsuite ignored="0" hostname="INDPC0TCNTK" failures="1" tests="2" name="Test" time="31.442" errors="0" timestamp="2021-09-30T10:49:54 IST">
  <testcase classname="com.syniverse.LoginTitleTest" name="loginPageTitleTest" time="17.409"/>
  <testcase classname="com.syniverse.HomepageTitleTest" name="HpageTitleTest" time="13.942">
    <failure type="java.lang.AssertionError" message="expected [Trending - CodePen] but found [CodePen Login]">
      <![CDATA[java.lang.AssertionError: expected [Trending - CodePen] but found [CodePen Login]
at com.syniverse.HomepageTitleTest.HpageTitleTest(HomepageTitleTest.java:36)
at java.base/java.util.ArrayList.forEach(ArrayList.java:1511)
... Removed 37 stack frames]]>
    </failure>
  </testcase> <!-- HpageTitleTest -->
</testsuite> <!-- Test -->
