<?xml version="1.0" encoding="UTF-8"?>
<testsuite xmlns:xsi="http://www.w3.org/2001/XMLSchema-instance" xsi:noNamespaceSchemaLocation="https://maven.apache.org/surefire/maven-surefire-plugin/xsd/surefire-test-report-3.0.xsd" version="3.0" name="TestSuite" time="32.737" tests="2" errors="0" skipped="0" failures="1">
  <properties>
[...]
</properties>
  <testcase name="loginPageTitleTest" classname="com.syniverse.LoginTitleTest" time="17.412"/>
  <testcase name="HpageTitleTest" classname="com.syniverse.HomepageTitleTest" time="13.944">
    <failure message="expected [Trending - CodePen] but found [CodePen Login]" type="java.lang.AssertionError"><![CDATA[java.lang.AssertionError: expected [Trending - CodePen] but found [CodePen Login]
	at com.syniverse.HomepageTitleTest.HpageTitleTest(HomepageTitleTest.java:36)
]]></failure>
    <system-err><![CDATA[Starting ChromeDriver 94.0.4606.61 (418b78f5838ed0b1c69bb4e51ea0252171854915-refs/branch-heads/4606@{#1204}) on port 22574
Only local connections are allowed.
Please see https://chromedriver.chromium.org/security-considerations for suggestions on keeping ChromeDriver safe.
ChromeDriver was started successfully.
Sep 30, 2021 10:49:43 AM org.openqa.selenium.remote.ProtocolHandshake createSession
INFO: Detected dialect: W3C
]]></system-err>
  </testcase>
</testsuite>