<?xml version="1.0" encoding="UTF-8"?>
<testng-results ignored="0" total="2" passed="2" failed="0" skipped="0">
  <reporter-output>
  </reporter-output>
  <suite started-at="2021-10-22T16:29:30 IST" name="Suite" finished-at="2021-10-22T16:29:31 IST" duration-ms="296">
    <groups>
    </groups>
    <test started-at="2021-10-22T16:29:30 IST" name="Test" finished-at="2021-10-22T16:29:31 IST" duration-ms="296">
      <class name="com.syniverse.AppTest">
        <test-method signature="testlogin1()[pri:0, instance:com.syniverse.AppTest@55e8ec2f]" started-at="2021-10-22T16:29:30 IST" name="testlogin1" finished-at="2021-10-22T16:29:31 IST" duration-ms="107" status="PASS">
          <reporter-output>
          </reporter-output>
        </test-method> <!-- testlogin1 -->
        <test-method signature="testlogin2()[pri:0, instance:com.syniverse.AppTest@55e8ec2f]" started-at="2021-10-22T16:29:31 IST" name="testlogin2" finished-at="2021-10-22T16:29:31 IST" duration-ms="1" status="PASS">
          <reporter-output>
          </reporter-output>
        </test-method> <!-- testlogin2 -->
      </class> <!-- com.syniverse.AppTest -->
    </test> <!-- Test -->
  </suite> <!-- Suite -->
</testng-results>
