<?xml version="1.0" encoding="UTF-8"?>
<testng-results ignored="0" total="1" passed="1" failed="0" skipped="0">
  <reporter-output>
  </reporter-output>
  <suite started-at="2021-09-30T10:55:06 IST" name="Default suite" finished-at="2021-09-30T10:55:43 IST" duration-ms="36535">
    <groups>
    </groups>
    <test started-at="2021-09-30T10:55:06 IST" name="Default test" finished-at="2021-09-30T10:55:43 IST" duration-ms="36535">
      <class name="com.syniverse.HomepageTitleTest">
        <test-method signature="HpageTitleTest()[pri:0, instance:com.syniverse.HomepageTitleTest@71b1176b]" started-at="2021-09-30T10:55:06 IST" name="HpageTitleTest" finished-at="2021-09-30T10:55:43 IST" duration-ms="36428" status="PASS">
          <reporter-output>
          </reporter-output>
        </test-method> <!-- HpageTitleTest -->
      </class> <!-- com.syniverse.HomepageTitleTest -->
    </test> <!-- Default test -->
  </suite> <!-- Default suite -->
</testng-results>
