<?xml version="1.0" encoding="UTF-8"?>
<testng-results ignored="0" total="2" passed="2" failed="0" skipped="0">
  <reporter-output>
  </reporter-output>
  <suite started-at="2021-09-29T19:29:54 IST" name="Suite" finished-at="2021-09-29T19:30:55 IST" duration-ms="61370">
    <groups>
    </groups>
    <test started-at="2021-09-29T19:29:54 IST" name="Test" finished-at="2021-09-29T19:30:55 IST" duration-ms="61370">
      <class name="com.syniverse.HomepageTitleTest">
        <test-method signature="loginPageTitleTest()[pri:0, instance:com.syniverse.HomepageTitleTest@647fd8ce]" started-at="2021-09-29T19:30:09 IST" name="loginPageTitleTest" finished-at="2021-09-29T19:30:55 IST" duration-ms="45929" status="PASS">
          <reporter-output>
          </reporter-output>
        </test-method> <!-- loginPageTitleTest -->
      </class> <!-- com.syniverse.HomepageTitleTest -->
      <class name="com.syniverse.LoginTitleTest">
        <test-method signature="loginPageTitleTest()[pri:0, instance:com.syniverse.LoginTitleTest@6193932a]" started-at="2021-09-29T19:29:54 IST" name="loginPageTitleTest" finished-at="2021-09-29T19:30:09 IST" duration-ms="15324" status="PASS">
          <reporter-output>
          </reporter-output>
        </test-method> <!-- loginPageTitleTest -->
      </class> <!-- com.syniverse.LoginTitleTest -->
    </test> <!-- Test -->
  </suite> <!-- Suite -->
</testng-results>
